<?xml version="1.0" encoding="UTF-8"?>
<testsuite xmlns:xsi="http://www.w3.org/2001/XMLSchema-instance" xsi:noNamespaceSchemaLocation="https://maven.apache.org/surefire/maven-surefire-plugin/xsd/surefire-test-report.xsd" version="3.0.2" name="com.booking.clinic.ClinicApplicationTests" time="2.129" tests="1" errors="0" skipped="0" failures="0">
  <properties>
[...]
</properties>
  <testcase name="contextLoads" classname="com.booking.clinic.ClinicApplicationTests" time="0.224">
    <system-out><![CDATA[11:37:29.785 [main] INFO org.springframework.test.context.support.AnnotationConfigContextLoaderUtils -- Could not detect default configuration classes for test class [com.booking.clinic.ClinicApplicationTests]: ClinicApplicationTests does not declare any static, non-private, non-final, nested classes annotated with @Configuration.
11:37:29.829 [main] INFO org.springframework.boot.test.context.SpringBootTestContextBootstrapper -- Found @SpringBootConfiguration com.booking.clinic.ClinicApplication for test class com.booking.clinic.ClinicApplicationTests
11:37:29.890 [main] INFO org.springframework.boot.devtools.restart.RestartApplicationListener -- Restart disabled due to context in which it is running

  .   ____          _            __ _ _
 /\\ / ___'_ __ _ _(_)_ __  __ _ \ \ \ \
( ( )\___ | '_ | '_| | '_ \/ _` | \ \ \ \
 \\/  ___)| |_)| | | | | || (_| |  ) ) ) )
  '  |____| .__|_| |_|_| |_\__, | / / / /
 =========|_|==============|___/=/_/_/_/

 :: Spring Boot ::                (v3.5.0)

2025-06-10T11:37:30.007+04:00  INFO 1031 --- [clinic] [           main] c.booking.clinic.ClinicApplicationTests  : Starting ClinicApplicationTests using Java 17.0.7 with PID 1031 (started by isaaliyev in /Users/isaaliyev/Documents/Java/clinic)
2025-06-10T11:37:30.007+04:00  INFO 1031 --- [clinic] [           main] c.booking.clinic.ClinicApplicationTests  : No active profile set, falling back to 1 default profile: "default"
2025-06-10T11:37:30.299+04:00  INFO 1031 --- [clinic] [           main] .s.d.r.c.RepositoryConfigurationDelegate : Bootstrapping Spring Data JPA repositories in DEFAULT mode.
2025-06-10T11:37:30.327+04:00  INFO 1031 --- [clinic] [           main] .s.d.r.c.RepositoryConfigurationDelegate : Finished Spring Data repository scanning in 24 ms. Found 5 JPA repository interfaces.
2025-06-10T11:37:30.496+04:00  INFO 1031 --- [clinic] [           main] o.hibernate.jpa.internal.util.LogHelper  : HHH000204: Processing PersistenceUnitInfo [name: default]
2025-06-10T11:37:30.521+04:00  INFO 1031 --- [clinic] [           main] org.hibernate.Version                    : HHH000412: Hibernate ORM core version 6.6.15.Final
2025-06-10T11:37:30.539+04:00  INFO 1031 --- [clinic] [           main] o.h.c.internal.RegionFactoryInitiator    : HHH000026: Second-level cache disabled
2025-06-10T11:37:30.651+04:00  INFO 1031 --- [clinic] [           main] o.s.o.j.p.SpringPersistenceUnitInfo      : No LoadTimeWeaver setup: ignoring JPA class transformer
2025-06-10T11:37:30.664+04:00  INFO 1031 --- [clinic] [           main] com.zaxxer.hikari.HikariDataSource       : HikariPool-1 - Starting...
2025-06-10T11:37:30.751+04:00  INFO 1031 --- [clinic] [           main] com.zaxxer.hikari.pool.HikariPool        : HikariPool-1 - Added connection com.mysql.cj.jdbc.ConnectionImpl@7b1c501d
2025-06-10T11:37:30.752+04:00  INFO 1031 --- [clinic] [           main] com.zaxxer.hikari.HikariDataSource       : HikariPool-1 - Start completed.
2025-06-10T11:37:30.779+04:00  WARN 1031 --- [clinic] [           main] org.hibernate.orm.deprecation            : HHH90000025: MySQL8Dialect does not need to be specified explicitly using 'hibernate.dialect' (remove the property setting and it will be selected by default)
2025-06-10T11:37:30.780+04:00  WARN 1031 --- [clinic] [           main] org.hibernate.orm.deprecation            : HHH90000026: MySQL8Dialect has been deprecated; use org.hibernate.dialect.MySQLDialect instead
2025-06-10T11:37:30.789+04:00  INFO 1031 --- [clinic] [           main] org.hibernate.orm.connections.pooling    : HHH10001005: Database info:
	Database JDBC URL [Connecting through datasource 'HikariDataSource (HikariPool-1)']
	Database driver: undefined/unknown
	Database version: 8.0
	Autocommit mode: undefined/unknown
	Isolation level: undefined/unknown
	Minimum pool size: undefined/unknown
	Maximum pool size: undefined/unknown
2025-06-10T11:37:31.173+04:00  INFO 1031 --- [clinic] [           main] o.h.e.t.j.p.i.JtaPlatformInitiator       : HHH000489: No JTA platform available (set 'hibernate.transaction.jta.platform' to enable JTA platform integration)
2025-06-10T11:37:31.235+04:00  INFO 1031 --- [clinic] [           main] j.LocalContainerEntityManagerFactoryBean : Initialized JPA EntityManagerFactory for persistence unit 'default'
2025-06-10T11:37:31.446+04:00  WARN 1031 --- [clinic] [           main] JpaBaseConfiguration$JpaWebConfiguration : spring.jpa.open-in-view is enabled by default. Therefore, database queries may be performed during view rendering. Explicitly configure spring.jpa.open-in-view to disable this warning
2025-06-10T11:37:31.455+04:00  INFO 1031 --- [clinic] [           main] o.s.b.a.w.s.WelcomePageHandlerMapping    : Adding welcome page: class path resource [static/index.html]
2025-06-10T11:37:31.625+04:00  INFO 1031 --- [clinic] [           main] c.booking.clinic.ClinicApplicationTests  : Started ClinicApplicationTests in 1.741 seconds (process running for 2.097)
]]></system-out>
  </testcase>
</testsuite>